2026-06-08 16:06:03: 
2026-06-08 16:06:03: ╔══════════════════════════════════════╗
2026-06-08 16:06:03: ║   📊 WeChat Group Stats Dashboard   ║
2026-06-08 16:06:03: ║   http://localhost:9090/dashboard.html  ║
2026-06-08 16:06:03: ║   Ctrl+C 停止                        ║
2026-06-08 16:06:03: ╚══════════════════════════════════════╝
2026-06-08 16:06:03: 
2026-06-08 16:06:31: [api] GET /api/run?group=45379818937%40chatroom HTTP/1.1
2026-06-08 16:06:39: [api] GET /api/status HTTP/1.1
2026-06-08 16:06:56: [api] GET /api/run?group=45379818937%40chatroom HTTP/1.1
2026-06-08 16:20:00: [api] GET /api/run?group=45379818937%40chatroom HTTP/1.1
2026-06-08 16:20:46: [api] GET /api/run?group=45379818937%40chatroom HTTP/1.1
2026-06-08 16:23:36: [api] GET /api/status HTTP/1.1
2026-06-08 16:24:47: [api] GET /api/run?group=45379818937%40chatroom HTTP/1.1
2026-06-08 16:26:09: [api] GET /api/run?group=45379818937%40chatroom&decrypt=1 HTTP/1.1
2026-06-08 21:44:11: 
2026-06-08 21:44:11: [!] 已停止
2026-06-08 21:44:11: 
2026-06-08 21:44:11: ╔══════════════════════════════════════╗
2026-06-08 21:44:11: ║   📊 WeChat Group Stats Dashboard   ║
2026-06-08 21:44:11: ║   http://localhost:9090/dashboard.html  ║
2026-06-08 21:44:11: ║   Ctrl+C 停止                        ║
2026-06-08 21:44:11: ╚══════════════════════════════════════╝
2026-06-08 21:44:11: 
